ιεμ 02, 2017 7:29:20 PM GUI.Employee_window$2 actionPerformed
FINE: user opened supllies window
ιεμ 02, 2017 7:30:07 PM GUI.Employee_window$2 actionPerformed
FINE: user opened supllies window
ιεμ 02, 2017 7:30:18 PM GUI.Employee_window$3 actionPerformed
FINE: user opened sells window
ιεμ 02, 2017 7:33:08 PM GUI.Employee_window$2 actionPerformed
FINE: user opened supllies window
ιεμ 02, 2017 7:33:10 PM GUI.supplies_window$3 mousePressed
FINE: user deleted tuple for 4
ιεμ 02, 2017 7:33:19 PM GUI.supplies_window$3 mousePressed
FINE: user deleted tuple for 4
ιεμ 02, 2017 7:33:23 PM GUI.supplies_window$3 mousePressed
FINE: user deleted tuple for 4
ιεμ 02, 2017 7:33:25 PM GUI.supplies_window$3 mousePressed
FINE: user deleted tuple for 2
ιεμ 02, 2017 7:34:44 PM GUI.Employee_window$3 actionPerformed
FINE: user opened sells window
ιεμ 02, 2017 7:34:46 PM GUI.Employee_window$2 actionPerformed
FINE: user opened supllies window
ιεμ 02, 2017 7:34:51 PM GUI.supplies_window$3 mousePressed
FINE: user deleted tuple for 4
ιεμ 02, 2017 7:35:54 PM GUI.Employee_window$2 actionPerformed
FINE: user opened supllies window
ιεμ 02, 2017 7:45:38 PM GUI.Employee_window$2 actionPerformed
FINE: user opened supllies window
ιεμ 02, 2017 7:45:40 PM GUI.supplies_window$3 mousePressed
FINE: user deleted tuple for 4
ιεμ 02, 2017 7:46:12 PM GUI.Employee_window$2 actionPerformed
FINE: user opened supllies window
ιεμ 02, 2017 7:46:49 PM GUI.Employee_window$2 actionPerformed
FINE: user opened supllies window
ιεμ 02, 2017 7:46:52 PM GUI.supplies_window$3 mousePressed
FINE: user deleted tuple for 4
ιεμ 02, 2017 7:46:56 PM GUI.supplies_window$3 mousePressed
FINE: user deleted tuple for 3
ιεμ 02, 2017 7:46:58 PM GUI.supplies_window$3 mousePressed
FINE: user deleted tuple for 2
ιεμ 02, 2017 7:47:16 PM GUI.Employee_window$2 actionPerformed
FINE: user opened supllies window
ιεμ 02, 2017 7:47:18 PM GUI.supplies_window$3 mousePressed
FINE: user deleted tuple for 4
ιεμ 02, 2017 7:47:23 PM GUI.supplies_window$3 mousePressed
FINE: user deleted tuple for 4
ιεμ 02, 2017 7:47:26 PM GUI.supplies_window$3 mousePressed
FINE: user deleted tuple for 3
ιεμ 02, 2017 7:47:27 PM GUI.supplies_window$3 mousePressed
FINE: user deleted tuple for 1
ιεμ 02, 2017 7:47:35 PM GUI.Employee_window$2 actionPerformed
FINE: user opened supllies window
ιεμ 02, 2017 7:47:50 PM GUI.Employee_window$2 actionPerformed
FINE: user opened supllies window
ιεμ 02, 2017 7:47:55 PM GUI.supplies_window$3 mousePressed
FINE: user deleted tuple for 3
ιεμ 02, 2017 7:47:57 PM GUI.supplies_window$3 mousePressed
FINE: user deleted tuple for 4
ιεμ 02, 2017 7:48:00 PM GUI.supplies_window$3 mousePressed
FINE: user deleted tuple for 2
ιεμ 02, 2017 7:48:15 PM GUI.Employee_window$2 actionPerformed
FINE: user opened supllies window
ιεμ 02, 2017 7:48:17 PM GUI.supplies_window$3 mousePressed
FINE: user deleted tuple for 3
ιεμ 02, 2017 7:49:16 PM GUI.Employee_window$2 actionPerformed
FINE: user opened supllies window
ιεμ 02, 2017 7:49:18 PM GUI.supplies_window$3 mousePressed
FINE: user approved arrival of 4
ιεμ 02, 2017 7:49:29 PM GUI.Employee_window$2 actionPerformed
FINE: user opened supllies window
ιεμ 02, 2017 7:49:31 PM GUI.supplies_window$3 mousePressed
FINE: user approved arrival of 4
ιεμ 02, 2017 7:49:34 PM GUI.supplies_window$3 mousePressed
FINE: user deleted tuple for 4
ιεμ 02, 2017 7:49:54 PM GUI.Employee_window$2 actionPerformed
FINE: user opened supllies window
ιεμ 02, 2017 7:49:56 PM GUI.supplies_window$3 mousePressed
FINE: user deleted tuple for 4
ιεμ 02, 2017 7:51:52 PM GUI.Employee_window$4 actionPerformed
FINE: user opened products window
ιεμ 12, 2017 11:46:41 AM GUI.Employee_window$2 actionPerformed
FINE: user opened supllies window
ιεμ 12, 2017 11:46:44 AM GUI.Employee_window$3 actionPerformed
FINE: user opened sells window
ιεμ 12, 2017 11:46:47 AM GUI.Employee_window$1 actionPerformed
FINE: user opened purchase window
ιεμ 12, 2017 11:46:50 AM GUI.Employee_window$4 actionPerformed
FINE: user opened products window
